[2025-11-29 01:47:42] laravel.EMERGENCY: Unable to create configured logger. Using emergency logger. {"exception":"[object] (InvalidArgumentException(code: 0): Log [] is not defined. at /home/luciano/Área de trabalho/dev/calibracao_V0/vendor/laravel/framework/src/Illuminate/Log/LogManager.php:212)
[stacktrace]
#0 /home/luciano/Área de trabalho/dev/calibracao_V0/vendor/laravel/framework/src/Illuminate/Log/LogManager.php(137): Illuminate\\Log\\LogManager->resolve()
#1 /home/luciano/Área de trabalho/dev/calibracao_V0/vendor/laravel/framework/src/Illuminate/Log/LogManager.php(124): Illuminate\\Log\\LogManager->get()
#2 /home/luciano/Área de trabalho/dev/calibracao_V0/vendor/laravel/framework/src/Illuminate/Log/LogManager.php(681): Illuminate\\Log\\LogManager->driver()
#3 /home/luciano/Área de trabalho/dev/calibracao_V0/vendor/laravel/framework/src/Illuminate/Foundation/Exceptions/Handler.php(317): Illuminate\\Log\\LogManager->error()
#4 /home/luciano/Área de trabalho/dev/calibracao_V0/vendor/laravel/framework/src/Illuminate/Foundation/Exceptions/Handler.php(278): Illuminate\\Foundation\\Exceptions\\Handler->reportThrowable()
#5 /home/luciano/Área de trabalho/dev/calibracao_V0/vendor/laravel/framework/src/Illuminate/Foundation/Console/Kernel.php(523): Illuminate\\Foundation\\Exceptions\\Handler->report()
#6 /home/luciano/Área de trabalho/dev/calibracao_V0/vendor/laravel/framework/src/Illuminate/Foundation/Console/Kernel.php(203): Illuminate\\Foundation\\Console\\Kernel->reportException()
#7 /home/luciano/Área de trabalho/dev/calibracao_V0/artisan(35): Illuminate\\Foundation\\Console\\Kernel->handle()
#8 {main}
"} 
[2025-11-29 01:47:42] laravel.ERROR: View path not found. {"exception":"[object] (RuntimeException(code: 0): View path not found. at /home/luciano/Área de trabalho/dev/calibracao_V0/vendor/laravel/framework/src/Illuminate/Foundation/Console/ViewClearCommand.php:59)
[stacktrace]
#0 /home/luciano/Área de trabalho/dev/calibracao_V0/vendor/laravel/framework/src/Illuminate/Container/BoundMethod.php(36): Illuminate\\Foundation\\Console\\ViewClearCommand->handle()
#1 /home/luciano/Área de trabalho/dev/calibracao_V0/vendor/laravel/framework/src/Illuminate/Container/Util.php(41): Illuminate\\Container\\BoundMethod::Illuminate\\Container\\{closure}()
#2 /home/luciano/Área de trabalho/dev/calibracao_V0/vendor/laravel/framework/src/Illuminate/Container/BoundMethod.php(93): Illuminate\\Container\\Util::unwrapIfClosure()
#3 /home/luciano/Área de trabalho/dev/calibracao_V0/vendor/laravel/framework/src/Illuminate/Container/BoundMethod.php(35): Illuminate\\Container\\BoundMethod::callBoundMethod()
#4 /home/luciano/Área de trabalho/dev/calibracao_V0/vendor/laravel/framework/src/Illuminate/Container/Container.php(662): Illuminate\\Container\\BoundMethod::call()
#5 /home/luciano/Área de trabalho/dev/calibracao_V0/vendor/laravel/framework/src/Illuminate/Console/Command.php(211): Illuminate\\Container\\Container->call()
#6 /home/luciano/Área de trabalho/dev/calibracao_V0/vendor/symfony/console/Command/Command.php(326): Illuminate\\Console\\Command->execute()
#7 /home/luciano/Área de trabalho/dev/calibracao_V0/vendor/laravel/framework/src/Illuminate/Console/Command.php(180): Symfony\\Component\\Console\\Command\\Command->run()
#8 /home/luciano/Área de trabalho/dev/calibracao_V0/vendor/symfony/console/Application.php(1088): Illuminate\\Console\\Command->run()
#9 /home/luciano/Área de trabalho/dev/calibracao_V0/vendor/symfony/console/Application.php(324): Symfony\\Component\\Console\\Application->doRunCommand()
#10 /home/luciano/Área de trabalho/dev/calibracao_V0/vendor/symfony/console/Application.php(175): Symfony\\Component\\Console\\Application->doRun()
#11 /home/luciano/Área de trabalho/dev/calibracao_V0/vendor/laravel/framework/src/Illuminate/Console/Application.php(162): Symfony\\Component\\Console\\Application->run()
#12 /home/luciano/Área de trabalho/dev/calibracao_V0/vendor/laravel/framework/src/Illuminate/Foundation/Console/Kernel.php(400): Illuminate\\Console\\Application->call()
#13 /home/luciano/Área de trabalho/dev/calibracao_V0/vendor/laravel/framework/src/Illuminate/Support/Facades/Facade.php(355): Illuminate\\Foundation\\Console\\Kernel->call()
#14 /home/luciano/Área de trabalho/dev/calibracao_V0/app/Console/Commands/SetupCommand.php(39): Illuminate\\Support\\Facades\\Facade::__callStatic()
#15 /home/luciano/Área de trabalho/dev/calibracao_V0/vendor/laravel/framework/src/Illuminate/Container/BoundMethod.php(36): App\\Console\\Commands\\SetupCommand->handle()
#16 /home/luciano/Área de trabalho/dev/calibracao_V0/vendor/laravel/framework/src/Illuminate/Container/Util.php(41): Illuminate\\Container\\BoundMethod::Illuminate\\Container\\{closure}()
#17 /home/luciano/Área de trabalho/dev/calibracao_V0/vendor/laravel/framework/src/Illuminate/Container/BoundMethod.php(93): Illuminate\\Container\\Util::unwrapIfClosure()
#18 /home/luciano/Área de trabalho/dev/calibracao_V0/vendor/laravel/framework/src/Illuminate/Container/BoundMethod.php(35): Illuminate\\Container\\BoundMethod::callBoundMethod()
#19 /home/luciano/Área de trabalho/dev/calibracao_V0/vendor/laravel/framework/src/Illuminate/Container/Container.php(662): Illuminate\\Container\\BoundMethod::call()
#20 /home/luciano/Área de trabalho/dev/calibracao_V0/vendor/laravel/framework/src/Illuminate/Console/Command.php(211): Illuminate\\Container\\Container->call()
#21 /home/luciano/Área de trabalho/dev/calibracao_V0/vendor/symfony/console/Command/Command.php(326): Illuminate\\Console\\Command->execute()
#22 /home/luciano/Área de trabalho/dev/calibracao_V0/vendor/laravel/framework/src/Illuminate/Console/Command.php(180): Symfony\\Component\\Console\\Command\\Command->run()
#23 /home/luciano/Área de trabalho/dev/calibracao_V0/vendor/symfony/console/Application.php(1088): Illuminate\\Console\\Command->run()
#24 /home/luciano/Área de trabalho/dev/calibracao_V0/vendor/symfony/console/Application.php(324): Symfony\\Component\\Console\\Application->doRunCommand()
#25 /home/luciano/Área de trabalho/dev/calibracao_V0/vendor/symfony/console/Application.php(175): Symfony\\Component\\Console\\Application->doRun()
#26 /home/luciano/Área de trabalho/dev/calibracao_V0/vendor/laravel/framework/src/Illuminate/Foundation/Console/Kernel.php(201): Symfony\\Component\\Console\\Application->run()
#27 /home/luciano/Área de trabalho/dev/calibracao_V0/artisan(35): Illuminate\\Foundation\\Console\\Kernel->handle()
#28 {main}
"} 
[2025-11-29 01:48:36] laravel.EMERGENCY: Unable to create configured logger. Using emergency logger. {"exception":"[object] (InvalidArgumentException(code: 0): Log [] is not defined. at /home/luciano/Área de trabalho/dev/calibracao_V0/vendor/laravel/framework/src/Illuminate/Log/LogManager.php:212)
[stacktrace]
#0 /home/luciano/Área de trabalho/dev/calibracao_V0/vendor/laravel/framework/src/Illuminate/Log/LogManager.php(137): Illuminate\\Log\\LogManager->resolve()
#1 /home/luciano/Área de trabalho/dev/calibracao_V0/vendor/laravel/framework/src/Illuminate/Log/LogManager.php(124): Illuminate\\Log\\LogManager->get()
#2 /home/luciano/Área de trabalho/dev/calibracao_V0/vendor/laravel/framework/src/Illuminate/Log/LogManager.php(681): Illuminate\\Log\\LogManager->driver()
#3 /home/luciano/Área de trabalho/dev/calibracao_V0/vendor/laravel/framework/src/Illuminate/Foundation/Exceptions/Handler.php(317): Illuminate\\Log\\LogManager->error()
#4 /home/luciano/Área de trabalho/dev/calibracao_V0/vendor/laravel/framework/src/Illuminate/Foundation/Exceptions/Handler.php(278): Illuminate\\Foundation\\Exceptions\\Handler->reportThrowable()
#5 /home/luciano/Área de trabalho/dev/calibracao_V0/vendor/laravel/framework/src/Illuminate/Foundation/Console/Kernel.php(523): Illuminate\\Foundation\\Exceptions\\Handler->report()
#6 /home/luciano/Área de trabalho/dev/calibracao_V0/vendor/laravel/framework/src/Illuminate/Foundation/Console/Kernel.php(203): Illuminate\\Foundation\\Console\\Kernel->reportException()
#7 /home/luciano/Área de trabalho/dev/calibracao_V0/artisan(35): Illuminate\\Foundation\\Console\\Kernel->handle()
#8 {main}
"} 
[2025-11-29 01:48:36] laravel.ERROR: View path not found. {"exception":"[object] (RuntimeException(code: 0): View path not found. at /home/luciano/Área de trabalho/dev/calibracao_V0/vendor/laravel/framework/src/Illuminate/Foundation/Console/ViewClearCommand.php:59)
[stacktrace]
#0 /home/luciano/Área de trabalho/dev/calibracao_V0/vendor/laravel/framework/src/Illuminate/Container/BoundMethod.php(36): Illuminate\\Foundation\\Console\\ViewClearCommand->handle()
#1 /home/luciano/Área de trabalho/dev/calibracao_V0/vendor/laravel/framework/src/Illuminate/Container/Util.php(41): Illuminate\\Container\\BoundMethod::Illuminate\\Container\\{closure}()
#2 /home/luciano/Área de trabalho/dev/calibracao_V0/vendor/laravel/framework/src/Illuminate/Container/BoundMethod.php(93): Illuminate\\Container\\Util::unwrapIfClosure()
#3 /home/luciano/Área de trabalho/dev/calibracao_V0/vendor/laravel/framework/src/Illuminate/Container/BoundMethod.php(35): Illuminate\\Container\\BoundMethod::callBoundMethod()
#4 /home/luciano/Área de trabalho/dev/calibracao_V0/vendor/laravel/framework/src/Illuminate/Container/Container.php(662): Illuminate\\Container\\BoundMethod::call()
#5 /home/luciano/Área de trabalho/dev/calibracao_V0/vendor/laravel/framework/src/Illuminate/Console/Command.php(211): Illuminate\\Container\\Container->call()
#6 /home/luciano/Área de trabalho/dev/calibracao_V0/vendor/symfony/console/Command/Command.php(326): Illuminate\\Console\\Command->execute()
#7 /home/luciano/Área de trabalho/dev/calibracao_V0/vendor/laravel/framework/src/Illuminate/Console/Command.php(180): Symfony\\Component\\Console\\Command\\Command->run()
#8 /home/luciano/Área de trabalho/dev/calibracao_V0/vendor/symfony/console/Application.php(1088): Illuminate\\Console\\Command->run()
#9 /home/luciano/Área de trabalho/dev/calibracao_V0/vendor/symfony/console/Application.php(324): Symfony\\Component\\Console\\Application->doRunCommand()
#10 /home/luciano/Área de trabalho/dev/calibracao_V0/vendor/symfony/console/Application.php(175): Symfony\\Component\\Console\\Application->doRun()
#11 /home/luciano/Área de trabalho/dev/calibracao_V0/vendor/laravel/framework/src/Illuminate/Console/Application.php(162): Symfony\\Component\\Console\\Application->run()
#12 /home/luciano/Área de trabalho/dev/calibracao_V0/vendor/laravel/framework/src/Illuminate/Foundation/Console/Kernel.php(400): Illuminate\\Console\\Application->call()
#13 /home/luciano/Área de trabalho/dev/calibracao_V0/vendor/laravel/framework/src/Illuminate/Support/Facades/Facade.php(355): Illuminate\\Foundation\\Console\\Kernel->call()
#14 /home/luciano/Área de trabalho/dev/calibracao_V0/app/Console/Commands/SetupCommand.php(39): Illuminate\\Support\\Facades\\Facade::__callStatic()
#15 /home/luciano/Área de trabalho/dev/calibracao_V0/vendor/laravel/framework/src/Illuminate/Container/BoundMethod.php(36): App\\Console\\Commands\\SetupCommand->handle()
#16 /home/luciano/Área de trabalho/dev/calibracao_V0/vendor/laravel/framework/src/Illuminate/Container/Util.php(41): Illuminate\\Container\\BoundMethod::Illuminate\\Container\\{closure}()
#17 /home/luciano/Área de trabalho/dev/calibracao_V0/vendor/laravel/framework/src/Illuminate/Container/BoundMethod.php(93): Illuminate\\Container\\Util::unwrapIfClosure()
#18 /home/luciano/Área de trabalho/dev/calibracao_V0/vendor/laravel/framework/src/Illuminate/Container/BoundMethod.php(35): Illuminate\\Container\\BoundMethod::callBoundMethod()
#19 /home/luciano/Área de trabalho/dev/calibracao_V0/vendor/laravel/framework/src/Illuminate/Container/Container.php(662): Illuminate\\Container\\BoundMethod::call()
#20 /home/luciano/Área de trabalho/dev/calibracao_V0/vendor/laravel/framework/src/Illuminate/Console/Command.php(211): Illuminate\\Container\\Container->call()
#21 /home/luciano/Área de trabalho/dev/calibracao_V0/vendor/symfony/console/Command/Command.php(326): Illuminate\\Console\\Command->execute()
#22 /home/luciano/Área de trabalho/dev/calibracao_V0/vendor/laravel/framework/src/Illuminate/Console/Command.php(180): Symfony\\Component\\Console\\Command\\Command->run()
#23 /home/luciano/Área de trabalho/dev/calibracao_V0/vendor/symfony/console/Application.php(1088): Illuminate\\Console\\Command->run()
#24 /home/luciano/Área de trabalho/dev/calibracao_V0/vendor/symfony/console/Application.php(324): Symfony\\Component\\Console\\Application->doRunCommand()
#25 /home/luciano/Área de trabalho/dev/calibracao_V0/vendor/symfony/console/Application.php(175): Symfony\\Component\\Console\\Application->doRun()
#26 /home/luciano/Área de trabalho/dev/calibracao_V0/vendor/laravel/framework/src/Illuminate/Foundation/Console/Kernel.php(201): Symfony\\Component\\Console\\Application->run()
#27 /home/luciano/Área de trabalho/dev/calibracao_V0/artisan(35): Illuminate\\Foundation\\Console\\Kernel->handle()
#28 {main}
"} 
[2025-11-29 02:06:19] laravel.EMERGENCY: Unable to create configured logger. Using emergency logger. {"exception":"[object] (InvalidArgumentException(code: 0): Log [] is not defined. at /home/luciano/Área de trabalho/dev/calibracao_V0/vendor/laravel/framework/src/Illuminate/Log/LogManager.php:212)
[stacktrace]
#0 /home/luciano/Área de trabalho/dev/calibracao_V0/vendor/laravel/framework/src/Illuminate/Log/LogManager.php(137): Illuminate\\Log\\LogManager->resolve()
#1 /home/luciano/Área de trabalho/dev/calibracao_V0/vendor/laravel/framework/src/Illuminate/Log/LogManager.php(124): Illuminate\\Log\\LogManager->get()
#2 /home/luciano/Área de trabalho/dev/calibracao_V0/vendor/laravel/framework/src/Illuminate/Log/LogManager.php(681): Illuminate\\Log\\LogManager->driver()
#3 /home/luciano/Área de trabalho/dev/calibracao_V0/vendor/laravel/framework/src/Illuminate/Foundation/Exceptions/Handler.php(317): Illuminate\\Log\\LogManager->error()
#4 /home/luciano/Área de trabalho/dev/calibracao_V0/vendor/laravel/framework/src/Illuminate/Foundation/Exceptions/Handler.php(278): Illuminate\\Foundation\\Exceptions\\Handler->reportThrowable()
#5 /home/luciano/Área de trabalho/dev/calibracao_V0/vendor/laravel/framework/src/Illuminate/Foundation/Console/Kernel.php(523): Illuminate\\Foundation\\Exceptions\\Handler->report()
#6 /home/luciano/Área de trabalho/dev/calibracao_V0/vendor/laravel/framework/src/Illuminate/Foundation/Console/Kernel.php(203): Illuminate\\Foundation\\Console\\Kernel->reportException()
#7 /home/luciano/Área de trabalho/dev/calibracao_V0/artisan(35): Illuminate\\Foundation\\Console\\Kernel->handle()
#8 {main}
"} 
[2025-11-29 02:06:19] laravel.ERROR: Class "App\Http\Controllers\Controller" not found {"exception":"[object] (Error(code: 0): Class \"App\\Http\\Controllers\\Controller\" not found at /home/luciano/Área de trabalho/dev/calibracao_V0/app/Http/Controllers/Api/EquipamentoController.php:6)
[stacktrace]
#0 /home/luciano/Área de trabalho/dev/calibracao_V0/vendor/composer/ClassLoader.php(576): include()
#1 /home/luciano/Área de trabalho/dev/calibracao_V0/vendor/composer/ClassLoader.php(427): Composer\\Autoload\\{closure}()
#2 [internal function]: Composer\\Autoload\\ClassLoader->loadClass()
#3 /home/luciano/Área de trabalho/dev/calibracao_V0/vendor/laravel/framework/src/Illuminate/Routing/Route.php(1096): is_a()
#4 /home/luciano/Área de trabalho/dev/calibracao_V0/vendor/laravel/framework/src/Illuminate/Routing/Route.php(1035): Illuminate\\Routing\\Route->controllerMiddleware()
#5 /home/luciano/Área de trabalho/dev/calibracao_V0/vendor/laravel/framework/src/Illuminate/Routing/Router.php(818): Illuminate\\Routing\\Route->gatherMiddleware()
#6 /home/luciano/Área de trabalho/dev/calibracao_V0/vendor/laravel/framework/src/Illuminate/Foundation/Console/RouteListCommand.php(201): Illuminate\\Routing\\Router->gatherRouteMiddleware()
#7 /home/luciano/Área de trabalho/dev/calibracao_V0/vendor/laravel/framework/src/Illuminate/Foundation/Console/RouteListCommand.php(146): Illuminate\\Foundation\\Console\\RouteListCommand->getMiddleware()
#8 /home/luciano/Área de trabalho/dev/calibracao_V0/vendor/laravel/framework/src/Illuminate/Foundation/Console/RouteListCommand.php(116): Illuminate\\Foundation\\Console\\RouteListCommand->getRouteInformation()
#9 [internal function]: Illuminate\\Foundation\\Console\\RouteListCommand->Illuminate\\Foundation\\Console\\{closure}()
#10 /home/luciano/Área de trabalho/dev/calibracao_V0/vendor/laravel/framework/src/Illuminate/Collections/Arr.php(600): array_map()
#11 /home/luciano/Área de trabalho/dev/calibracao_V0/vendor/laravel/framework/src/Illuminate/Collections/Collection.php(778): Illuminate\\Support\\Arr::map()
#12 /home/luciano/Área de trabalho/dev/calibracao_V0/vendor/laravel/framework/src/Illuminate/Foundation/Console/RouteListCommand.php(115): Illuminate\\Support\\Collection->map()
#13 /home/luciano/Área de trabalho/dev/calibracao_V0/vendor/laravel/framework/src/Illuminate/Foundation/Console/RouteListCommand.php(101): Illuminate\\Foundation\\Console\\RouteListCommand->getRoutes()
#14 /home/luciano/Área de trabalho/dev/calibracao_V0/vendor/laravel/framework/src/Illuminate/Container/BoundMethod.php(36): Illuminate\\Foundation\\Console\\RouteListCommand->handle()
#15 /home/luciano/Área de trabalho/dev/calibracao_V0/vendor/laravel/framework/src/Illuminate/Container/Util.php(41): Illuminate\\Container\\BoundMethod::Illuminate\\Container\\{closure}()
#16 /home/luciano/Área de trabalho/dev/calibracao_V0/vendor/laravel/framework/src/Illuminate/Container/BoundMethod.php(93): Illuminate\\Container\\Util::unwrapIfClosure()
#17 /home/luciano/Área de trabalho/dev/calibracao_V0/vendor/laravel/framework/src/Illuminate/Container/BoundMethod.php(35): Illuminate\\Container\\BoundMethod::callBoundMethod()
#18 /home/luciano/Área de trabalho/dev/calibracao_V0/vendor/laravel/framework/src/Illuminate/Container/Container.php(662): Illuminate\\Container\\BoundMethod::call()
#19 /home/luciano/Área de trabalho/dev/calibracao_V0/vendor/laravel/framework/src/Illuminate/Console/Command.php(211): Illuminate\\Container\\Container->call()
#20 /home/luciano/Área de trabalho/dev/calibracao_V0/vendor/symfony/console/Command/Command.php(326): Illuminate\\Console\\Command->execute()
#21 /home/luciano/Área de trabalho/dev/calibracao_V0/vendor/laravel/framework/src/Illuminate/Console/Command.php(180): Symfony\\Component\\Console\\Command\\Command->run()
#22 /home/luciano/Área de trabalho/dev/calibracao_V0/vendor/symfony/console/Application.php(1088): Illuminate\\Console\\Command->run()
#23 /home/luciano/Área de trabalho/dev/calibracao_V0/vendor/symfony/console/Application.php(324): Symfony\\Component\\Console\\Application->doRunCommand()
#24 /home/luciano/Área de trabalho/dev/calibracao_V0/vendor/symfony/console/Application.php(175): Symfony\\Component\\Console\\Application->doRun()
#25 /home/luciano/Área de trabalho/dev/calibracao_V0/vendor/laravel/framework/src/Illuminate/Foundation/Console/Kernel.php(201): Symfony\\Component\\Console\\Application->run()
#26 /home/luciano/Área de trabalho/dev/calibracao_V0/artisan(35): Illuminate\\Foundation\\Console\\Kernel->handle()
#27 {main}
"} 
